d:\datastructurealgorithmcpp\hustmap_simple_navigation\x64\debug\vc143.pdb
d:\datastructurealgorithmcpp\hustmap_simple_navigation\x64\debug\vc143.idb
d:\datastructurealgorithmcpp\hustmap_simple_navigation\x64\debug\hustmap_simple_navigation.obj
d:\datastructurealgorithmcpp\hustmap_simple_navigation\x64\debug\graph_pathfinding_bfs.obj
d:\datastructurealgorithmcpp\hustmap_simple_navigation\x64\debug\pathfindingastarnongrid.obj
d:\datastructurealgorithmcpp\hustmap_simple_navigation\x64\debug\graph_pathfinding_dijkstra.obj
d:\datastructurealgorithmcpp\hustmap_simple_navigation\x64\debug\graph_pathfinding_dfs.obj
d:\datastructurealgorithmcpp\hustmap_simple_navigation\x64\debug\graph_pathfinding_belmanford.obj
d:\datastructurealgorithmcpp\hustmap_simple_navigation\x64\debug\graph_pathfinding_astar.obj
d:\datastructurealgorithmcpp\hustmap_simple_navigation\x64\debug\graphquery.obj
d:\datastructurealgorithmcpp\hustmap_simple_navigation\x64\debug\graphmainfunction.obj
d:\datastructurealgorithmcpp\hustmap_simple_navigation\x64\debug\graphconstructor.obj
d:\datastructurealgorithmcpp\hustmap_simple_navigation\x64\debug\graph_pathfinding_astar_non_grid.obj
d:\datastructurealgorithmcpp\hustmap_simple_navigation\x64\debug\hustmap_simple_navigation.exe
d:\datastructurealgorithmcpp\hustmap_simple_navigation\x64\debug\hustmap_simple_navigation.ilk
d:\datastructurealgorithmcpp\hustmap_simple_navigation\x64\debug\hustmap_simple_navigation.pdb
d:\datastructurealgorithmcpp\hustmap_simple_navigation\x64\debug\hustmap_.db310fd0.tlog\cl.command.1.tlog
d:\datastructurealgorithmcpp\hustmap_simple_navigation\x64\debug\hustmap_.db310fd0.tlog\cl.read.1.tlog
d:\datastructurealgorithmcpp\hustmap_simple_navigation\x64\debug\hustmap_.db310fd0.tlog\cl.write.1.tlog
d:\datastructurealgorithmcpp\hustmap_simple_navigation\x64\debug\hustmap_.db310fd0.tlog\link.command.1.tlog
d:\datastructurealgorithmcpp\hustmap_simple_navigation\x64\debug\hustmap_.db310fd0.tlog\link.read.1.tlog
d:\datastructurealgorithmcpp\hustmap_simple_navigation\x64\debug\hustmap_.db310fd0.tlog\link.write.1.tlog
